New log file opened at Fri Feb 05 01:06:54 BRST 2016 by 13160@ledzeppelin
Sending msg to client play-fork-run-d997ecab-a490-45a3-8366-2e9483d2ed8a: DetachedLogEvent(LogMessage(debug,sbt server socket logs are in: /home/luiz/projetos/99taxis/taxi_api_play_java/.sbtserver/connections/master.log))
Sending msg to client play-fork-run-d997ecab-a490-45a3-8366-2e9483d2ed8a: DetachedLogEvent(LogMessage(debug,sbt general server logs are in: /home/luiz/projetos/99taxis/taxi_api_play_java/.sbtserver/master.log))
Sending msg to client play-fork-run-d997ecab-a490-45a3-8366-2e9483d2ed8a: DetachedLogEvent(LogMessage(debug,sbt client logs are in: /home/luiz/projetos/99taxis/taxi_api_play_java/.sbtserver/connections/play-fork-run-d997ecab-a490-45a3-8366-2e9483d2ed8a.log))
Reading next message from client.
Got request: DaemonRequest(true)
Reading next message from client.
Sending msg to client play-fork-run-d997ecab-a490-45a3-8366-2e9483d2ed8a: (3,ReceivedResponse())
Got request: ListenToEvents()
Reading next message from client.
Sending msg to client play-fork-run-d997ecab-a490-45a3-8366-2e9483d2ed8a: (4,ReceivedResponse())
Got request: KeyLookupRequest(myProject/playForkConfig)
Reading next message from client.
Sending msg to client play-fork-run-d997ecab-a490-45a3-8366-2e9483d2ed8a: (5,KeyLookupResponse(myProject/playForkConfig,Vector()))
Got request: UnlistenToEvents()
Reading next message from client.
Sending msg to client play-fork-run-d997ecab-a490-45a3-8366-2e9483d2ed8a: (6,ReceivedResponse())
Client play-fork-run-d997ecab-a490-45a3-8366-2e9483d2ed8a EOF, shutting down.
Stopping client.
Dropping message (0,ReceivedResponse()) to dead client play-fork-run-d997ecab-a490-45a3-8366-2e9483d2ed8a
Client play-fork-run-d997ecab-a490-45a3-8366-2e9483d2ed8a thread exiting.
